Determining if the pthread_create exist failed with the following output:
Change Dir: /home/workspace/c3-project/CMakeFiles/CMakeTmp

Run Build Command:"/usr/bin/make" "cmTC_817ec/fast"
/usr/bin/make -f CMakeFiles/cmTC_817ec.dir/build.make CMakeFiles/cmTC_817ec.dir/build
make[1]: Entering directory '/home/workspace/c3-project/CMakeFiles/CMakeTmp'
Building C object CMakeFiles/cmTC_817ec.dir/CheckSymbolExists.c.o
/usr/bin/cc    -o CMakeFiles/cmTC_817ec.dir/CheckSymbolExists.c.o   -c /home/workspace/c3-project/CMakeFiles/CMakeTmp/CheckSymbolExists.c
Linking C executable cmTC_817ec
/usr/local/bin/cmake -E cmake_link_script CMakeFiles/cmTC_817ec.dir/link.txt --verbose=1
/usr/bin/cc      CMakeFiles/cmTC_817ec.dir/CheckSymbolExists.c.o  -o cmTC_817ec 
CMakeFiles/cmTC_817ec.dir/CheckSymbolExists.c.o: In function `main':
CheckSymbolExists.c:(.text+0x1b): undefined reference to `pthread_create'
collect2: error: ld returned 1 exit status
CMakeFiles/cmTC_817ec.dir/build.make:86: recipe for target 'cmTC_817ec' failed
make[1]: *** [cmTC_817ec] Error 1
make[1]: Leaving directory '/home/workspace/c3-project/CMakeFiles/CMakeTmp'
Makefile:121: recipe for target 'cmTC_817ec/fast' failed
make: *** [cmTC_817ec/fast] Error 2

File /home/workspace/c3-project/CMakeFiles/CMakeTmp/CheckSymbolExists.c:
/* */
#include <pthread.h>

int main(int argc, char** argv)
{
  (void)argv;
#ifndef pthread_create
  return ((int*)(&pthread_create))[argc];
#else
  (void)argc;
  return 0;
#endif
}

Determining if the function pthread_create exists in the pthreads failed with the following output:
Change Dir: /home/workspace/c3-project/CMakeFiles/CMakeTmp

Run Build Command:"/usr/bin/make" "cmTC_1f068/fast"
/usr/bin/make -f CMakeFiles/cmTC_1f068.dir/build.make CMakeFiles/cmTC_1f068.dir/build
make[1]: Entering directory '/home/workspace/c3-project/CMakeFiles/CMakeTmp'
Building C object CMakeFiles/cmTC_1f068.dir/CheckFunctionExists.c.o
/usr/bin/cc   -DCHECK_FUNCTION_EXISTS=pthread_create   -o CMakeFiles/cmTC_1f068.dir/CheckFunctionExists.c.o   -c /usr/local/share/cmake-3.13/Modules/CheckFunctionExists.c
Linking C executable cmTC_1f068
/usr/local/bin/cmake -E cmake_link_script CMakeFiles/cmTC_1f068.dir/link.txt --verbose=1
/usr/bin/cc  -DCHECK_FUNCTION_EXISTS=pthread_create    CMakeFiles/cmTC_1f068.dir/CheckFunctionExists.c.o  -o cmTC_1f068 -lpthreads 
/usr/bin/ld: cannot find -lpthreads
collect2: error: ld returned 1 exit status
CMakeFiles/cmTC_1f068.dir/build.make:86: recipe for target 'cmTC_1f068' failed
make[1]: *** [cmTC_1f068] Error 1
make[1]: Leaving directory '/home/workspace/c3-project/CMakeFiles/CMakeTmp'
Makefile:121: recipe for target 'cmTC_1f068/fast' failed
make: *** [cmTC_1f068/fast] Error 2


